<?xml version="1.0" encoding="UTF-8"?>
<!-- Generated by org.testng.reporters.JUnitXMLReporter -->
<testsuite ignored="1" hostname="LAPTOP-3SHIRIRS" failures="0" tests="1" name="SeleniumMavenTestNG012025" time="0.049" errors="0" timestamp="2025-07-02T20:13:52 ICT">
  <testcase classname="Bai10_Annotations.DemoAnnotation" name="testOneMethod" time="0.0"/>
  <testcase classname="Bai10_Annotations.DemoAnnotation" name="testTwoMethod" time="0.0">
    <ignored/>
  </testcase> <!-- testTwoMethod -->
</testsuite> <!-- SeleniumMavenTestNG012025 -->
